# dune runtest tests/tam/sans_fonction/
# OCAMLPARAM: unset
# Shared cache: disabled
# Workspace root: /home/picard/Documents/GitHub/Compilation/sourceEtu
# Auto-detected concurrency: 12
$ /home/picard/.opam/4.11.0/bin/ocamlc.opt -config > /tmp/dune_f7144f_output
# Dune context:
#  { name = "default"
#  ; kind = "default"
#  ; profile = Dev
#  ; merlin = true
#  ; for_host = None
#  ; fdo_target_exe = None
#  ; build_dir = In_build_dir "default"
#  ; ocaml_bin = External "/home/picard/.opam/4.11.0/bin"
#  ; ocaml = Ok External "/home/picard/.opam/4.11.0/bin/ocaml"
#  ; ocamlc = External "/home/picard/.opam/4.11.0/bin/ocamlc.opt"
#  ; ocamlopt = Ok External "/home/picard/.opam/4.11.0/bin/ocamlopt.opt"
#  ; ocamldep = Ok External "/home/picard/.opam/4.11.0/bin/ocamldep.opt"
#  ; ocamlmklib = Ok External "/home/picard/.opam/4.11.0/bin/ocamlmklib.opt"
#  ; env =
#      map
#        { "DUNE_OCAML_HARDCODED" : "/home/picard/.opam/4.11.0/lib"
#        ; "DUNE_OCAML_STDLIB" : "/home/picard/.opam/4.11.0/lib/ocaml"
#        ; "DUNE_SOURCEROOT" :
#            "/home/picard/Documents/GitHub/Compilation/sourceEtu"
#        ; "INSIDE_DUNE" :
#            "/home/picard/Documents/GitHub/Compilation/sourceEtu/_build/default"
#        ; "OCAMLFIND_IGNORE_DUPS_IN" :
#            "/home/picard/Documents/GitHub/Compilation/sourceEtu/_build/install/default/lib"
#        ; "OCAMLPATH" :
#            "/home/picard/Documents/GitHub/Compilation/sourceEtu/_build/install/default/lib"
#        ; "OCAMLTOP_INCLUDE_PATH" :
#            "/home/picard/Documents/GitHub/Compilation/sourceEtu/_build/install/default/lib/toplevel"
#        ; "OCAML_COLOR" : "always"
#        ; "OPAMCOLOR" : "always"
#        }
#  ; findlib_paths = [ External "/home/picard/.opam/4.11.0/lib" ]
#  ; natdynlink_supported = true
#  ; supports_shared_libraries = true
#  ; ocaml_config =
#      { version = "4.11.0"
#      ; standard_library_default = "/home/picard/.opam/4.11.0/lib/ocaml"
#      ; standard_library = "/home/picard/.opam/4.11.0/lib/ocaml"
#      ; standard_runtime = "the_standard_runtime_variable_was_deleted"
#      ; ccomp_type = "cc"
#      ; c_compiler = "gcc"
#      ; ocamlc_cflags = [ "-O2"; "-fno-strict-aliasing"; "-fwrapv"; "-fPIC" ]
#      ; ocamlc_cppflags = [ "-D_FILE_OFFSET_BITS=64"; "-D_REENTRANT" ]
#      ; ocamlopt_cflags =
#          [ "-O2"; "-fno-strict-aliasing"; "-fwrapv"; "-fPIC" ]
#      ; ocamlopt_cppflags = [ "-D_FILE_OFFSET_BITS=64"; "-D_REENTRANT" ]
#      ; bytecomp_c_compiler =
#          [ "gcc"
#          ; "-O2"
#          ; "-fno-strict-aliasing"
#          ; "-fwrapv"
#          ; "-fPIC"
#          ; "-D_FILE_OFFSET_BITS=64"
#          ; "-D_REENTRANT"
#          ]
#      ; bytecomp_c_libraries = [ "-lm"; "-lpthread" ]
#      ; native_c_compiler =
#          [ "gcc"
#          ; "-O2"
#          ; "-fno-strict-aliasing"
#          ; "-fwrapv"
#          ; "-fPIC"
#          ; "-D_FILE_OFFSET_BITS=64"
#          ; "-D_REENTRANT"
#          ]
#      ; native_c_libraries = [ "-lm" ]
#      ; native_pack_linker = [ "ld"; "-r"; "-o" ]
#      ; cc_profile = []
#      ; architecture = "amd64"
#      ; model = "default"
#      ; int_size = 63
#      ; word_size = 64
#      ; system = "linux"
#      ; asm = [ "as" ]
#      ; asm_cfi_supported = true
#      ; with_frame_pointers = false
#      ; ext_exe = ""
#      ; ext_obj = ".o"
#      ; ext_asm = ".s"
#      ; ext_lib = ".a"
#      ; ext_dll = ".so"
#      ; os_type = "Unix"
#      ; default_executable_name = "a.out"
#      ; systhread_supported = true
#      ; host = "x86_64-pc-linux-gnu"
#      ; target = "x86_64-pc-linux-gnu"
#      ; profiling = false
#      ; flambda = false
#      ; spacetime = false
#      ; safe_string = true
#      ; exec_magic_number = "Caml1999X028"
#      ; cmi_magic_number = "Caml1999I028"
#      ; cmo_magic_number = "Caml1999O028"
#      ; cma_magic_number = "Caml1999A028"
#      ; cmx_magic_number = "Caml1999Y028"
#      ; cmxa_magic_number = "Caml1999Z028"
#      ; ast_impl_magic_number = "Caml1999M028"
#      ; ast_intf_magic_number = "Caml1999N028"
#      ; cmxs_magic_number = "Caml1999D028"
#      ; cmt_magic_number = "Caml1999T028"
#      ; natdynlink_supported = true
#      ; supports_shared_libraries = true
#      ; windows_unicode = false
#      }
#  }
$ (cd _build/default && .ppx/423b3c0918a91461d11b9cd1259aca91/ppx.exe --cookie 'inline_tests="enabled"' --cookie 'library-name="rat"' -o passeCodeRatToTam.pp.ml --impl passeCodeRatToTam.ml -corrected-suffix .ppx-corrected -diff-cmd - -dump-ast)
$ (cd _build/default && /home/picard/.opam/4.11.0/bin/ocamldep.opt -modules -impl passeCodeRatToTam.pp.ml) > _build/default/.rat.objs/rat__PasseCodeRatToTam.impl.d
$ (cd _build/default && /home/picard/.opam/4.11.0/bin/ocamlc.opt -w @1..3@5..28@30..39@43@46..47@49..57@61..62-40 -strict-sequence -strict-formats -short-paths -keep-locs -warn-error -A -g -bin-annot -I .rat.objs/byte -I /home/picard/.opam/4.11.0/lib/base -I /home/picard/.opam/4.11.0/lib/base/base_internalhash_types -I /home/picard/.opam/4.11.0/lib/base/caml -I /home/picard/.opam/4.11.0/lib/base/shadow_stdlib -I /home/picard/.opam/4.11.0/lib/jane-street-headers -I /home/picard/.opam/4.11.0/lib/ppx_compare/runtime-lib -I /home/picard/.opam/4.11.0/lib/ppx_enumerate/runtime-lib -I /home/picard/.opam/4.11.0/lib/ppx_expect/collector -I /home/picard/.opam/4.11.0/lib/ppx_expect/common -I /home/picard/.opam/4.11.0/lib/ppx_expect/config -I /home/picard/.opam/4.11.0/lib/ppx_expect/config_types -I /home/picard/.opam/4.11.0/lib/ppx_hash/runtime-lib -I /home/picard/.opam/4.11.0/lib/ppx_here/runtime-lib -I /home/picard/.opam/4.11.0/lib/ppx_inline_test/config -I /home/picard/.opam/4.11.0/lib/ppx_inline_test/runtime-lib -I /home/picard/.opam/4.11.0/lib/ppx_sexp_conv/runtime-lib -I /home/picard/.opam/4.11.0/lib/sexplib0 -I /home/picard/.opam/4.11.0/lib/time_now -no-alias-deps -opaque -open Rat -o .rat.objs/byte/rat__PasseCodeRatToTam.cmo -c -impl passeCodeRatToTam.pp.ml)
> File "passeCodeRatToTam.ml", line 15, characters 27-31:
> 15 |   | AstType.AppelFonction (info, l) -> failwith "caca"
>                                 ^^^^
> Warning 27: unused variable info.
> File "passeCodeRatToTam.ml", line 15, characters 33-34:
> 15 |   | AstType.AppelFonction (info, l) -> failwith "caca"
>                                       ^
> Warning 27: unused variable l.
> File "passeCodeRatToTam.ml", line 91, characters 50-58:
> 91 | let analyser_placement_fonction (AstType.Fonction(inf_fonc, inf_param, b)) = failwith "caca"
>                                                        ^^^^^^^^
> Warning 27: unused variable inf_fonc.
> File "passeCodeRatToTam.ml", line 91, characters 60-69:
> 91 | let analyser_placement_fonction (AstType.Fonction(inf_fonc, inf_param, b)) = failwith "caca"
>                                                                  ^^^^^^^^^
> Warning 27: unused variable inf_param.
> File "passeCodeRatToTam.ml", line 91, characters 71-72:
> 91 | let analyser_placement_fonction (AstType.Fonction(inf_fonc, inf_param, b)) = failwith "caca"
>                                                                             ^
> Warning 27: unused variable b.
> File "passeCodeRatToTam.ml", line 94, characters 37-46:
> 94 | let analyser (AstPlacement.Programme(fonctions, prog)) = 
>                                           ^^^^^^^^^
> Warning 27: unused variable fonctions.
$ (cd _build/default && /home/picard/.opam/4.11.0/bin/ocamlc.opt -w @1..3@5..28@30..39@43@46..47@49..57@61..62-40 -strict-sequence -strict-formats -short-paths -keep-locs -warn-error -A -g -bin-annot -I .rat.objs/byte -I /home/picard/.opam/4.11.0/lib/base -I /home/picard/.opam/4.11.0/lib/base/base_internalhash_types -I /home/picard/.opam/4.11.0/lib/base/caml -I /home/picard/.opam/4.11.0/lib/base/shadow_stdlib -I /home/picard/.opam/4.11.0/lib/jane-street-headers -I /home/picard/.opam/4.11.0/lib/ppx_compare/runtime-lib -I /home/picard/.opam/4.11.0/lib/ppx_enumerate/runtime-lib -I /home/picard/.opam/4.11.0/lib/ppx_expect/collector -I /home/picard/.opam/4.11.0/lib/ppx_expect/common -I /home/picard/.opam/4.11.0/lib/ppx_expect/config -I /home/picard/.opam/4.11.0/lib/ppx_expect/config_types -I /home/picard/.opam/4.11.0/lib/ppx_hash/runtime-lib -I /home/picard/.opam/4.11.0/lib/ppx_here/runtime-lib -I /home/picard/.opam/4.11.0/lib/ppx_inline_test/config -I /home/picard/.opam/4.11.0/lib/ppx_inline_test/runtime-lib -I /home/picard/.opam/4.11.0/lib/ppx_sexp_conv/runtime-lib -I /home/picard/.opam/4.11.0/lib/sexplib0 -I /home/picard/.opam/4.11.0/lib/time_now -no-alias-deps -opaque -open Rat -o .rat.objs/byte/rat__Compilateur.cmo -c -impl compilateur.pp.ml)
$ (cd _build/default && /home/picard/.opam/4.11.0/bin/ocamlopt.opt -w @1..3@5..28@30..39@43@46..47@49..57@61..62-40 -strict-sequence -strict-formats -short-paths -keep-locs -warn-error -A -g -I .rat.objs/byte -I .rat.objs/native -I /home/picard/.opam/4.11.0/lib/base -I /home/picard/.opam/4.11.0/lib/base/base_internalhash_types -I /home/picard/.opam/4.11.0/lib/base/caml -I /home/picard/.opam/4.11.0/lib/base/shadow_stdlib -I /home/picard/.opam/4.11.0/lib/jane-street-headers -I /home/picard/.opam/4.11.0/lib/ppx_compare/runtime-lib -I /home/picard/.opam/4.11.0/lib/ppx_enumerate/runtime-lib -I /home/picard/.opam/4.11.0/lib/ppx_expect/collector -I /home/picard/.opam/4.11.0/lib/ppx_expect/common -I /home/picard/.opam/4.11.0/lib/ppx_expect/config -I /home/picard/.opam/4.11.0/lib/ppx_expect/config_types -I /home/picard/.opam/4.11.0/lib/ppx_hash/runtime-lib -I /home/picard/.opam/4.11.0/lib/ppx_here/runtime-lib -I /home/picard/.opam/4.11.0/lib/ppx_inline_test/config -I /home/picard/.opam/4.11.0/lib/ppx_inline_test/runtime-lib -I /home/picard/.opam/4.11.0/lib/ppx_sexp_conv/runtime-lib -I /home/picard/.opam/4.11.0/lib/sexplib0 -I /home/picard/.opam/4.11.0/lib/time_now -intf-suffix .ml -no-alias-deps -opaque -open Rat -o .rat.objs/native/rat__PasseCodeRatToTam.cmx -c -impl passeCodeRatToTam.pp.ml)
> File "passeCodeRatToTam.ml", line 15, characters 27-31:
> 15 |   | AstType.AppelFonction (info, l) -> failwith "caca"
>                                 ^^^^
> Warning 27: unused variable info.
> File "passeCodeRatToTam.ml", line 15, characters 33-34:
> 15 |   | AstType.AppelFonction (info, l) -> failwith "caca"
>                                       ^
> Warning 27: unused variable l.
> File "passeCodeRatToTam.ml", line 91, characters 50-58:
> 91 | let analyser_placement_fonction (AstType.Fonction(inf_fonc, inf_param, b)) = failwith "caca"
>                                                        ^^^^^^^^
> Warning 27: unused variable inf_fonc.
> File "passeCodeRatToTam.ml", line 91, characters 60-69:
> 91 | let analyser_placement_fonction (AstType.Fonction(inf_fonc, inf_param, b)) = failwith "caca"
>                                                                  ^^^^^^^^^
> Warning 27: unused variable inf_param.
> File "passeCodeRatToTam.ml", line 91, characters 71-72:
> 91 | let analyser_placement_fonction (AstType.Fonction(inf_fonc, inf_param, b)) = failwith "caca"
>                                                                             ^
> Warning 27: unused variable b.
> File "passeCodeRatToTam.ml", line 94, characters 37-46:
> 94 | let analyser (AstPlacement.Programme(fonctions, prog)) = 
>                                           ^^^^^^^^^
> Warning 27: unused variable fonctions.
$ (cd _build/default && /home/picard/.opam/4.11.0/bin/ocamlopt.opt -w @1..3@5..28@30..39@43@46..47@49..57@61..62-40 -strict-sequence -strict-formats -short-paths -keep-locs -warn-error -A -g -I .rat.objs/byte -I .rat.objs/native -I /home/picard/.opam/4.11.0/lib/base -I /home/picard/.opam/4.11.0/lib/base/base_internalhash_types -I /home/picard/.opam/4.11.0/lib/base/caml -I /home/picard/.opam/4.11.0/lib/base/shadow_stdlib -I /home/picard/.opam/4.11.0/lib/jane-street-headers -I /home/picard/.opam/4.11.0/lib/ppx_compare/runtime-lib -I /home/picard/.opam/4.11.0/lib/ppx_enumerate/runtime-lib -I /home/picard/.opam/4.11.0/lib/ppx_expect/collector -I /home/picard/.opam/4.11.0/lib/ppx_expect/common -I /home/picard/.opam/4.11.0/lib/ppx_expect/config -I /home/picard/.opam/4.11.0/lib/ppx_expect/config_types -I /home/picard/.opam/4.11.0/lib/ppx_hash/runtime-lib -I /home/picard/.opam/4.11.0/lib/ppx_here/runtime-lib -I /home/picard/.opam/4.11.0/lib/ppx_inline_test/config -I /home/picard/.opam/4.11.0/lib/ppx_inline_test/runtime-lib -I /home/picard/.opam/4.11.0/lib/ppx_sexp_conv/runtime-lib -I /home/picard/.opam/4.11.0/lib/sexplib0 -I /home/picard/.opam/4.11.0/lib/time_now -intf-suffix .ml -no-alias-deps -opaque -open Rat -o .rat.objs/native/rat__Compilateur.cmx -c -impl compilateur.pp.ml)
$ (cd _build/default && /home/picard/.opam/4.11.0/bin/ocamlc.opt -w @1..3@5..28@30..39@43@46..47@49..57@61..62-40 -strict-sequence -strict-formats -short-paths -keep-locs -warn-error -A -g -bin-annot -I tests/tam/sans_fonction/.sans_fonction_tam.objs/byte -I /home/picard/.opam/4.11.0/lib/base -I /home/picard/.opam/4.11.0/lib/base/base_internalhash_types -I /home/picard/.opam/4.11.0/lib/base/caml -I /home/picard/.opam/4.11.0/lib/base/shadow_stdlib -I /home/picard/.opam/4.11.0/lib/jane-street-headers -I /home/picard/.opam/4.11.0/lib/ppx_compare/runtime-lib -I /home/picard/.opam/4.11.0/lib/ppx_enumerate/runtime-lib -I /home/picard/.opam/4.11.0/lib/ppx_expect/collector -I /home/picard/.opam/4.11.0/lib/ppx_expect/common -I /home/picard/.opam/4.11.0/lib/ppx_expect/config -I /home/picard/.opam/4.11.0/lib/ppx_expect/config_types -I /home/picard/.opam/4.11.0/lib/ppx_hash/runtime-lib -I /home/picard/.opam/4.11.0/lib/ppx_here/runtime-lib -I /home/picard/.opam/4.11.0/lib/ppx_inline_test/config -I /home/picard/.opam/4.11.0/lib/ppx_inline_test/runtime-lib -I /home/picard/.opam/4.11.0/lib/ppx_sexp_conv/runtime-lib -I /home/picard/.opam/4.11.0/lib/sexplib0 -I /home/picard/.opam/4.11.0/lib/time_now -I .rat.objs/byte -no-alias-deps -opaque -open Sans_fonction_tam -o tests/tam/sans_fonction/.sans_fonction_tam.objs/byte/sans_fonction_tam__Test.cmo -c -impl tests/tam/sans_fonction/test.pp.ml)
$ (cd _build/default && /home/picard/.opam/4.11.0/bin/ocamlc.opt -w @1..3@5..28@30..39@43@46..47@49..57@61..62-40 -strict-sequence -strict-formats -short-paths -keep-locs -warn-error -A -w -24 -g -g -bin-annot -I tests/tam/sans_fonction/.sans_fonction_tam.inline-tests/.sans_fonction_tam.inline-tests.eobjs/byte -I /home/picard/.opam/4.11.0/lib/base -I /home/picard/.opam/4.11.0/lib/base/base_internalhash_types -I /home/picard/.opam/4.11.0/lib/base/caml -I /home/picard/.opam/4.11.0/lib/base/shadow_stdlib -I /home/picard/.opam/4.11.0/lib/jane-street-headers -I /home/picard/.opam/4.11.0/lib/ppx_compare/runtime-lib -I /home/picard/.opam/4.11.0/lib/ppx_enumerate/runtime-lib -I /home/picard/.opam/4.11.0/lib/ppx_expect/collector -I /home/picard/.opam/4.11.0/lib/ppx_expect/common -I /home/picard/.opam/4.11.0/lib/ppx_expect/config -I /home/picard/.opam/4.11.0/lib/ppx_expect/config_types -I /home/picard/.opam/4.11.0/lib/ppx_expect/evaluator -I /home/picard/.opam/4.11.0/lib/ppx_expect/matcher -I /home/picard/.opam/4.11.0/lib/ppx_hash/runtime-lib -I /home/picard/.opam/4.11.0/lib/ppx_here/runtime-lib -I /home/picard/.opam/4.11.0/lib/ppx_inline_test/config -I /home/picard/.opam/4.11.0/lib/ppx_inline_test/runner/lib -I /home/picard/.opam/4.11.0/lib/ppx_inline_test/runtime-lib -I /home/picard/.opam/4.11.0/lib/ppx_sexp_conv/runtime-lib -I /home/picard/.opam/4.11.0/lib/ppxlib/print_diff -I /home/picard/.opam/4.11.0/lib/re -I /home/picard/.opam/4.11.0/lib/seq -I /home/picard/.opam/4.11.0/lib/sexplib0 -I /home/picard/.opam/4.11.0/lib/stdio -I /home/picard/.opam/4.11.0/lib/time_now -I .rat.objs/byte -I tests/tam/sans_fonction/.sans_fonction_tam.objs/byte -no-alias-deps -o tests/tam/sans_fonction/.sans_fonction_tam.inline-tests/.sans_fonction_tam.inline-tests.eobjs/byte/dune__exe__Inline_test_runner_sans_fonction_tam.cmo -c -impl tests/tam/sans_fonction/.sans_fonction_tam.inline-tests/inline_test_runner_sans_fonction_tam.ml-gen)
$ (cd _build/default && /home/picard/.opam/4.11.0/bin/ocamlopt.opt -w @1..3@5..28@30..39@43@46..47@49..57@61..62-40 -strict-sequence -strict-formats -short-paths -keep-locs -warn-error -A -g -a -o rat.cmxa .rat.objs/native/rat.cmx .rat.objs/native/rat__Type.cmx .rat.objs/native/rat__Tds.cmx .rat.objs/native/rat__Tam.cmx .rat.objs/native/rat__Ast.cmx .rat.objs/native/rat__PrinterAst.cmx .rat.objs/native/rat__Exceptions.cmx .rat.objs/native/rat__PasseTypeRat.cmx .rat.objs/native/rat__PasseTdsRat.cmx .rat.objs/native/rat__PassePlacementRat.cmx .rat.objs/native/rat__PasseCodeRatToTam.cmx .rat.objs/native/rat__Passe.cmx .rat.objs/native/rat__Parser.cmx .rat.objs/native/rat__Lexer.cmx .rat.objs/native/rat__Compilateur.cmx .rat.objs/native/rat__Code.cmx)
$ (cd _build/default && /home/picard/.opam/4.11.0/bin/ocamlopt.opt -w @1..3@5..28@30..39@43@46..47@49..57@61..62-40 -strict-sequence -strict-formats -short-paths -keep-locs -warn-error -A -g -I tests/tam/sans_fonction/.sans_fonction_tam.objs/byte -I tests/tam/sans_fonction/.sans_fonction_tam.objs/native -I /home/picard/.opam/4.11.0/lib/base -I /home/picard/.opam/4.11.0/lib/base/base_internalhash_types -I /home/picard/.opam/4.11.0/lib/base/caml -I /home/picard/.opam/4.11.0/lib/base/shadow_stdlib -I /home/picard/.opam/4.11.0/lib/jane-street-headers -I /home/picard/.opam/4.11.0/lib/ppx_compare/runtime-lib -I /home/picard/.opam/4.11.0/lib/ppx_enumerate/runtime-lib -I /home/picard/.opam/4.11.0/lib/ppx_expect/collector -I /home/picard/.opam/4.11.0/lib/ppx_expect/common -I /home/picard/.opam/4.11.0/lib/ppx_expect/config -I /home/picard/.opam/4.11.0/lib/ppx_expect/config_types -I /home/picard/.opam/4.11.0/lib/ppx_hash/runtime-lib -I /home/picard/.opam/4.11.0/lib/ppx_here/runtime-lib -I /home/picard/.opam/4.11.0/lib/ppx_inline_test/config -I /home/picard/.opam/4.11.0/lib/ppx_inline_test/runtime-lib -I /home/picard/.opam/4.11.0/lib/ppx_sexp_conv/runtime-lib -I /home/picard/.opam/4.11.0/lib/sexplib0 -I /home/picard/.opam/4.11.0/lib/time_now -I .rat.objs/byte -I .rat.objs/native -intf-suffix .ml -no-alias-deps -opaque -open Sans_fonction_tam -o tests/tam/sans_fonction/.sans_fonction_tam.objs/native/sans_fonction_tam__Test.cmx -c -impl tests/tam/sans_fonction/test.pp.ml)
$ (cd _build/default && /home/picard/.opam/4.11.0/bin/ocamlopt.opt -w @1..3@5..28@30..39@43@46..47@49..57@61..62-40 -strict-sequence -strict-formats -short-paths -keep-locs -warn-error -A -g -a -o tests/tam/sans_fonction/sans_fonction_tam.cmxa tests/tam/sans_fonction/.sans_fonction_tam.objs/native/sans_fonction_tam.cmx tests/tam/sans_fonction/.sans_fonction_tam.objs/native/sans_fonction_tam__Test.cmx)
$ (cd _build/default && /home/picard/.opam/4.11.0/bin/ocamlopt.opt -w @1..3@5..28@30..39@43@46..47@49..57@61..62-40 -strict-sequence -strict-formats -short-paths -keep-locs -warn-error -A -w -24 -g -g -I tests/tam/sans_fonction/.sans_fonction_tam.inline-tests/.sans_fonction_tam.inline-tests.eobjs/byte -I tests/tam/sans_fonction/.sans_fonction_tam.inline-tests/.sans_fonction_tam.inline-tests.eobjs/native -I /home/picard/.opam/4.11.0/lib/base -I /home/picard/.opam/4.11.0/lib/base/base_internalhash_types -I /home/picard/.opam/4.11.0/lib/base/caml -I /home/picard/.opam/4.11.0/lib/base/shadow_stdlib -I /home/picard/.opam/4.11.0/lib/jane-street-headers -I /home/picard/.opam/4.11.0/lib/ppx_compare/runtime-lib -I /home/picard/.opam/4.11.0/lib/ppx_enumerate/runtime-lib -I /home/picard/.opam/4.11.0/lib/ppx_expect/collector -I /home/picard/.opam/4.11.0/lib/ppx_expect/common -I /home/picard/.opam/4.11.0/lib/ppx_expect/config -I /home/picard/.opam/4.11.0/lib/ppx_expect/config_types -I /home/picard/.opam/4.11.0/lib/ppx_expect/evaluator -I /home/picard/.opam/4.11.0/lib/ppx_expect/matcher -I /home/picard/.opam/4.11.0/lib/ppx_hash/runtime-lib -I /home/picard/.opam/4.11.0/lib/ppx_here/runtime-lib -I /home/picard/.opam/4.11.0/lib/ppx_inline_test/config -I /home/picard/.opam/4.11.0/lib/ppx_inline_test/runner/lib -I /home/picard/.opam/4.11.0/lib/ppx_inline_test/runtime-lib -I /home/picard/.opam/4.11.0/lib/ppx_sexp_conv/runtime-lib -I /home/picard/.opam/4.11.0/lib/ppxlib/print_diff -I /home/picard/.opam/4.11.0/lib/re -I /home/picard/.opam/4.11.0/lib/seq -I /home/picard/.opam/4.11.0/lib/sexplib0 -I /home/picard/.opam/4.11.0/lib/stdio -I /home/picard/.opam/4.11.0/lib/time_now -I .rat.objs/byte -I .rat.objs/native -I tests/tam/sans_fonction/.sans_fonction_tam.objs/byte -I tests/tam/sans_fonction/.sans_fonction_tam.objs/native -intf-suffix .ml-gen -no-alias-deps -o tests/tam/sans_fonction/.sans_fonction_tam.inline-tests/.sans_fonction_tam.inline-tests.eobjs/native/dune__exe__Inline_test_runner_sans_fonction_tam.cmx -c -impl tests/tam/sans_fonction/.sans_fonction_tam.inline-tests/inline_test_runner_sans_fonction_tam.ml-gen)
$ (cd _build/default && /home/picard/.opam/4.11.0/bin/ocamlopt.opt -w @1..3@5..28@30..39@43@46..47@49..57@61..62-40 -strict-sequence -strict-formats -short-paths -keep-locs -warn-error -A -w -24 -g -g -o tests/tam/sans_fonction/.sans_fonction_tam.inline-tests/inline_test_runner_sans_fonction_tam.exe /home/picard/.opam/4.11.0/lib/ocaml/unix.cmxa -I /home/picard/.opam/4.11.0/lib/ocaml /home/picard/.opam/4.11.0/lib/ppx_inline_test/config/inline_test_config.cmxa /home/picard/.opam/4.11.0/lib/base/base_internalhash_types/base_internalhash_types.cmxa -I /home/picard/.opam/4.11.0/lib/base/base_internalhash_types /home/picard/.opam/4.11.0/lib/base/caml/caml.cmxa /home/picard/.opam/4.11.0/lib/sexplib0/sexplib0.cmxa /home/picard/.opam/4.11.0/lib/base/shadow_stdlib/shadow_stdlib.cmxa /home/picard/.opam/4.11.0/lib/base/base.cmxa -I /home/picard/.opam/4.11.0/lib/base /home/picard/.opam/4.11.0/lib/jane-street-headers/jane_street_headers.cmxa /home/picard/.opam/4.11.0/lib/ppx_sexp_conv/runtime-lib/ppx_sexp_conv_lib.cmxa /home/picard/.opam/4.11.0/lib/ppx_compare/runtime-lib/ppx_compare_lib.cmxa /home/picard/.opam/4.11.0/lib/ppx_enumerate/runtime-lib/ppx_enumerate_lib.cmxa /home/picard/.opam/4.11.0/lib/ppx_hash/runtime-lib/ppx_hash_lib.cmxa /home/picard/.opam/4.11.0/lib/time_now/time_now.cmxa -I /home/picard/.opam/4.11.0/lib/time_now /home/picard/.opam/4.11.0/lib/ppx_inline_test/runtime-lib/ppx_inline_test_lib.cmxa /home/picard/.opam/4.11.0/lib/ppx_here/runtime-lib/ppx_here_lib.cmxa /home/picard/.opam/4.11.0/lib/ppx_expect/common/expect_test_common.cmxa /home/picard/.opam/4.11.0/lib/ppx_expect/config_types/expect_test_config_types.cmxa /home/picard/.opam/4.11.0/lib/ppx_expect/collector/expect_test_collector.cmxa -I /home/picard/.opam/4.11.0/lib/ppx_expect/collector /home/picard/.opam/4.11.0/lib/ppx_expect/config/expect_test_config.cmxa rat.cmxa tests/tam/sans_fonction/sans_fonction_tam.cmxa /home/picard/.opam/4.11.0/lib/ppx_inline_test/runner/lib/ppx_inline_test_runner_lib.cmxa -I /home/picard/.opam/4.11.0/lib/ppx_inline_test/runner/lib /home/picard/.opam/4.11.0/lib/stdio/stdio.cmxa /home/picard/.opam/4.11.0/lib/re/re.cmxa /home/picard/.opam/4.11.0/lib/ppx_expect/matcher/expect_test_matcher.cmxa /home/picard/.opam/4.11.0/lib/ppxlib/print_diff/ppxlib_print_diff.cmxa /home/picard/.opam/4.11.0/lib/ppx_expect/evaluator/ppx_expect_evaluator.cmxa tests/tam/sans_fonction/.sans_fonction_tam.inline-tests/.sans_fonction_tam.inline-tests.eobjs/native/dune__exe__Inline_test_runner_sans_fonction_tam.cmx -linkall)
$ (cd _build/default/tests/tam/sans_fonction && .sans_fonction_tam.inline-tests/inline_test_runner_sans_fonction_tam.exe inline-test-runner sans_fonction_tam -source-tree-root ../../.. -diff-cmd -)
$ /usr/bin/git --no-pager diff --no-index --color=always -u _build/default/tests/tam/sans_fonction/test.ml _build/default/tests/tam/sans_fonction/test.ml.corrected
> diff --git a/_build/default/tests/tam/sans_fonction/test.ml b/_build/default/tests/tam/sans_fonction/test.ml.corrected
> index 4051230..1d58420 100644
> --- a/_build/default/tests/tam/sans_fonction/test.ml
> +++ b/_build/default/tests/tam/sans_fonction/test.ml.corrected
> @@ -35,57 +35,110 @@ let pathFichiersRat = "../../../../../tests/tam/sans_fonction/fichiersRat/"
>  
>  let%expect_test "testprintint" =
>    runtam (pathFichiersRat^"testprintint.rat");
> -  [%expect{| 42 |}]
> +  [%expect{|
> +    LOADL 42
> +
> +    SUBR IOut
> +
> +    tam.TamException: Tam error : Program has failed due to an invalid code address. |}]
>  
>  let%expect_test "testprintbool" =
>    runtam (pathFichiersRat^"testprintbool.rat");
> -  [%expect{| true |}]
> +  [%expect{| tam.TamException: Tam error : Program has failed due to an invalid code address. |}]
>  
>  let%expect_test "testprintrat" =
>     runtam (pathFichiersRat^"testprintrat.rat");
> -   [%expect{| [4/5] |}]
> +   [%expect{| tam.TamException: Tam error : Program has failed due to an invalid code address. |}]
>  
>  let%expect_test "testaddint" =
>    runtam (pathFichiersRat^"testaddint.rat");
> -  [%expect{| 42 |}]
> +  [%expect{|
> +    SUBR IAdd
> +
> +    SUBR IOut
> +
> +    tam.TamException: Tam error : Program has failed due to an invalid code address. |}]
>  
>  let%expect_test "testaddrat" =
>    runtam (pathFichiersRat^"testaddrat.rat");
> -  [%expect{| [7/6] |}]
> +  [%expect{| tam.TamException: Tam error : Program has failed due to an invalid code address. |}]
>  
>  let%expect_test "testmultint" =
>    runtam (pathFichiersRat^"testmultint.rat");
> -  [%expect{| 440 |}]
> +  [%expect{|
> +    SUBR IMul
> +
> +    SUBR IOut
> +
> +    tam.TamException: Tam error : Program has failed due to an invalid code address. |}]
>  
>  let%expect_test "testmultrat" =
>    runtam (pathFichiersRat^"testmultrat.rat");
> -  [%expect{| [14/3] |}]
> +  [%expect{| tam.TamException: Tam error : Program has failed due to an invalid code address. |}]
>  
>  let%expect_test "testnum" =
>    runtam (pathFichiersRat^"testnum.rat");
> -  [%expect{| 4 |}]
> +  [%expect{|
> +    POP (0) 1
> +
> +    SUBR IOut
> +
> +    tam.TamException: Tam error : Program has failed due to an invalid code address. |}]
>  
>  let%expect_test "testdenom" =
>    runtam (pathFichiersRat^"testdenom.rat");
> -  [%expect{| 7 |}]
> +  [%expect{|
> +    POP (1) 1
> +
> +    SUBR IOut
> +
> +    tam.TamException: Tam error : Program has failed due to an invalid code address. |}]
>  
>  let%expect_test "testwhile1" =
>    runtam (pathFichiersRat^"testwhile1.rat");
> -  [%expect{| 19 |}]
> +  [%expect{|
> +    LOAD (1) 0[SB]
> +
> +    SUBR IOut
> +
> +    tam.TamException: Tam error : Program has failed due to an invalid code address. |}]
>  
>  let%expect_test "testif1" =
>    runtam (pathFichiersRat^"testif1.rat");
> -  [%expect{| 18 |}]
> +  [%expect{|
> +    LOADL 18
> +
> +    SUBR IOut
> +
> +    LOADL 21
> +
> +    SUBR IOut
> +
> +    tam.TamException: Tam error : Program has failed due to an invalid code address. |}]
>  
>  let%expect_test "testif2" =
>    runtam (pathFichiersRat^"testif2.rat");
> -  [%expect{| 21 |}]
> +  [%expect{|
> +    LOADL 18
> +
> +    SUBR IOut
> +
> +    LOADL 21
> +
> +    SUBR IOut
> +
> +    tam.TamException: Tam error : Program has failed due to an invalid code address. |}]
>  
>  let%expect_test "factiter" =
>    runtam (pathFichiersRat^"factiter.rat");
> -  [%expect{| 120 |}]
> +  [%expect{|
> +    LOAD (1) 0[SB]
> +
> +    SUBR IOut
> +
> +    tam.TamException: Tam error : Program has failed due to an invalid code address. |}]
>  
>  let%expect_test "complique" =
>    runtam (pathFichiersRat^"complique.rat");
> -  [%expect{| [9/4][27/14][27/16][3/2] |}]
> +  [%expect{| tam.TamException: Tam error : Program has failed due to an invalid code address. |}]
>  
[1]
